Loss weights | lam_time=100, lam_self=1, lam_psd=100
cuda
train size: 2592
validation size: 864
epoch 1  train 11751.095317  val 12084.584274
epoch 2  train 4752.510145  val 7715.262080
epoch 3  train 3926.928422  val 3907.346978
epoch 4  train 3684.578261  val 3637.928621
epoch 5  train 3565.036009  val 3516.797924
epoch 6  train 3452.190571  val 3375.024712
epoch 7  train 3296.253183  val 3221.063359
epoch 8  train 3163.822474  val 3104.362585
epoch 9  train 3053.826853  val 3015.949174
epoch 10  train 2919.149803  val 3051.864050
epoch 11  train 2802.722478  val 2767.289207
epoch 12  train 2719.192919  val 2747.263509
epoch 13  train 2717.675609  val 2757.842168
epoch 14  train 2649.900104  val 2642.828894
epoch 15  train 2599.164792  val 2574.396204
epoch 16  train 2520.085100  val 2554.728470
epoch 17  train 2434.789623  val 2404.567247
epoch 18  train 2319.172990  val 2314.766602
epoch 19  train 2218.110454  val 2208.812473
epoch 20  train 2151.481148  val 2169.311731
epoch 21  train 2090.567371  val 2135.086878
epoch 22  train 2074.281300  val 2114.063241
epoch 23  train 2082.094217  val 2145.100713
epoch 24  train 2080.897526  val 2098.558576
epoch 25  train 2047.651388  val 2090.418122
epoch 26  train 2027.673361  val 2084.851834
epoch 27  train 2011.808497  val 2049.970866
epoch 28  train 1999.472156  val 2020.640598
epoch 29  train 1977.285929  val 2027.556627
epoch 30  train 1979.740861  val 2004.812441
epoch 31  train 1960.795003  val 1985.281774
epoch 32  train 1938.947065  val 1984.678901
epoch 33  train 1924.900879  val 1957.032123
epoch 34  train 1911.460335  val 1934.069924
epoch 35  train 1881.344812  val 1916.066289
epoch 36  train 1859.120402  val 1887.985709
epoch 37  train 1826.405763  val 1851.815091
epoch 38  train 1779.373693  val 1794.312862
epoch 39  train 1740.226798  val 1775.382103
epoch 40  train 1716.794544  val 1760.467954
epoch 41  train 1679.310423  val 1752.119914
epoch 42  train 1660.163871  val 1701.390869
epoch 43  train 1649.985385  val 1705.084812
epoch 44  train 1644.476282  val 1678.581376
epoch 45  train 1604.173662  val 1644.686035
epoch 46  train 1594.171732  val 1658.101956
epoch 47  train 1598.314727  val 1629.834938
epoch 48  train 1581.653118  val 1617.901774
epoch 49  train 1575.484637  val 1630.006085
epoch 50  train 1544.362394  val 1585.313802
epoch 51  train 1554.425288  val 1593.615221
epoch 52  train 1549.559386  val 1586.299655
epoch 53  train 1524.693454  val 1584.529482
epoch 54  train 1528.796048  val 1644.151150
epoch 55  train 1551.854772  val 1558.788981
epoch 56  train 1496.024174  val 1539.455603
epoch 57  train 1485.866145  val 1531.492861
epoch 58  train 1492.923813  val 1536.712136
epoch 59  train 1468.508745  val 1578.693445
epoch 60  train 1504.218149  val 1569.722647
epoch 61  train 1471.630151  val 1507.441135
epoch 62  train 1464.016265  val 1502.008115
epoch 63  train 1469.334125  val 1498.365257
epoch 64  train 1442.869740  val 1495.498332
epoch 65  train 1427.807928  val 1483.765892
epoch 66  train 1410.101006  val 1462.034003
epoch 67  train 1414.037768  val 1454.502916
epoch 68  train 1383.794669  val 1450.395458
epoch 69  train 1361.347028  val 1419.244502
epoch 70  train 1356.175692  val 1401.760760
epoch 71  train 1354.948072  val 1427.984443
epoch 72  train 1346.272455  val 1427.249417
epoch 73  train 1361.815879  val 1412.516728
epoch 74  train 1367.055388  val 1408.228344
epoch 75  train 1371.070163  val 1403.584337
epoch 76  train 1319.207215  val 1391.443341
epoch 77  train 1305.889962  val 1395.552820
epoch 78  train 1330.603054  val 1464.443897
epoch 79  train 1320.910028  val 1373.405667
epoch 80  train 1305.459250  val 1355.191271
epoch 81  train 1327.836974  val 1366.755954
epoch 82  train 1304.752802  val 1400.360116
epoch 83  train 1313.954169  val 1462.205336
epoch 84  train 1306.211197  val 1384.119159
epoch 85  train 1287.980793  val 1331.517284
epoch 86  train 1295.172056  val 1487.880068
epoch 87  train 1350.815891  val 1385.525856
epoch 88  train 1287.761374  val 1307.700236
epoch 89  train 1258.487048  val 1324.916459
epoch 90  train 1263.675471  val 1330.055958
epoch 91  train 1272.248430  val 1327.645101
epoch 92  train 1257.243031  val 1363.211155
epoch 93  train 1296.990893  val 1323.633387
epoch 94  train 1251.029867  val 1356.935429
epoch 95  train 1254.417486  val 1268.433259
epoch 96  train 1234.895095  val 1313.161743
epoch 97  train 1214.871532  val 1280.904582
epoch 98  train 1209.600714  val 1254.346142
epoch 99  train 1207.266804  val 1259.187179
epoch 100  train 1204.037705  val 1272.742255
epoch 101  train 1230.054894  val 1317.122323
epoch 102  train 1243.358521  val 1295.079414
epoch 103  train 1206.491949  val 1268.208035
epoch 104  train 1195.152057  val 1287.013215
epoch 105  train 1201.884571  val 1270.159984
epoch 106  train 1201.563514  val 1240.963415
epoch 107  train 1177.739950  val 1325.284645
epoch 108  train 1214.560098  val 1247.763590
epoch 109  train 1183.740730  val 1252.799927
epoch 110  train 1167.949317  val 1239.115212
epoch 111  train 1167.374864  val 1243.375827
epoch 112  train 1175.150650  val 1268.503332
epoch 113  train 1169.343818  val 1222.746582
epoch 114  train 1163.783679  val 1250.214450
epoch 115  train 1149.482821  val 1217.405599
epoch 116  train 1160.119567  val 1232.358190
epoch 117  train 1161.048994  val 1256.232576
epoch 118  train 1181.077109  val 1260.128640
epoch 119  train 1183.087312  val 1405.128187
epoch 120  train 1203.958116  val 1289.246953
epoch 121  train 1211.397792  val 1323.399260
epoch 122  train 1174.498763  val 1238.299637
epoch 123  train 1152.128751  val 1222.523786
epoch 124  train 1145.999191  val 1213.381492
epoch 125  train 1144.962396  val 1202.021900
epoch 126  train 1141.616597  val 1223.473768
epoch 127  train 1155.290842  val 1210.184964
epoch 128  train 1165.167895  val 1245.748933
epoch 129  train 1166.993123  val 1216.092217
epoch 130  train 1130.009639  val 1213.957131
epoch 131  train 1124.178797  val 1190.972340
epoch 132  train 1130.876441  val 1184.405590
epoch 133  train 1120.768947  val 1181.388184
epoch 134  train 1099.012340  val 1169.510584
epoch 135  train 1101.151525  val 1230.201362
epoch 136  train 1111.186383  val 1180.175998
epoch 137  train 1096.464538  val 1176.611052
epoch 138  train 1090.734500  val 1196.641778
epoch 139  train 1101.309248  val 1178.926518
epoch 140  train 1101.584391  val 1196.736966
epoch 141  train 1118.860214  val 1213.425641
epoch 142  train 1094.237457  val 1159.547223
epoch 143  train 1080.729221  val 1173.140892
epoch 144  train 1091.771283  val 1185.263496
epoch 145  train 1079.475716  val 1177.840291
epoch 146  train 1081.192142  val 1180.354650
epoch 147  train 1076.683060  val 1162.248467
epoch 148  train 1076.122207  val 1142.071452
epoch 149  train 1068.927796  val 1224.569169
epoch 150  train 1097.235716  val 1177.149957
epoch 151  train 1075.076758  val 1155.873286
epoch 152  train 1072.313825  val 1184.352783
epoch 153  train 1058.790104  val 1153.236224
epoch 154  train 1065.150110  val 1168.909234
epoch 155  train 1102.509751  val 1212.324576
epoch 156  train 1080.360896  val 1152.018632
epoch 157  train 1085.386083  val 1147.303001
epoch 158  train 1053.538112  val 1144.594062
epoch 159  train 1040.566486  val 1133.242382
epoch 160  train 1044.686826  val 1132.936334
epoch 161  train 1050.625773  val 1128.141394
epoch 162  train 1038.085701  val 1134.373630
epoch 163  train 1052.390128  val 1158.484257
epoch 164  train 1048.126037  val 1176.437830
epoch 165  train 1071.916340  val 1136.450774
epoch 166  train 1049.392131  val 1125.060583
epoch 167  train 1059.148225  val 1140.703170
epoch 168  train 1047.414961  val 1132.959455
epoch 169  train 1036.053357  val 1149.116378
epoch 170  train 1037.756798  val 1125.239430
epoch 171  train 1019.306468  val 1112.926631
epoch 172  train 1022.203154  val 1122.444431
epoch 173  train 1024.889594  val 1147.066036
epoch 174  train 1009.306902  val 1109.074635
epoch 175  train 1008.865533  val 1115.835201
epoch 176  train 1008.422511  val 1102.808951
epoch 177  train 1011.490528  val 1125.826294
epoch 178  train 1029.757318  val 1100.937441
epoch 179  train 1012.217294  val 1119.473976
epoch 180  train 1006.454340  val 1099.575905
epoch 181  train 1003.980187  val 1113.011249
epoch 182  train 1013.189631  val 1108.986030
epoch 183  train 1014.778076  val 1096.763907
epoch 184  train 1010.122590  val 1098.664714
epoch 185  train 996.784638  val 1102.104990
epoch 186  train 987.294317  val 1125.286079
epoch 187  train 990.777100  val 1102.247712
epoch 188  train 989.273847  val 1096.509160
epoch 189  train 985.117356  val 1082.374055
epoch 190  train 973.214138  val 1087.240004
epoch 191  train 979.921643  val 1094.534908
epoch 192  train 986.866020  val 1077.891900
epoch 193  train 993.936162  val 1144.917535
epoch 194  train 1011.070101  val 1112.900924
epoch 195  train 995.082851  val 1105.745615
epoch 196  train 978.153714  val 1095.098728
epoch 197  train 996.021371  val 1106.881149
epoch 198  train 990.266807  val 1092.674511
epoch 199  train 998.889570  val 1081.428639
epoch 200  train 961.233909  val 1080.082140
epoch 201  train 960.560568  val 1080.909813
epoch 202  train 972.058610  val 1110.975215
epoch 203  train 961.406408  val 1073.602209
epoch 204  train 955.935270  val 1075.830666
epoch 205  train 953.893669  val 1057.816976
epoch 206  train 960.656526  val 1114.483421
epoch 207  train 993.067776  val 1152.997134
epoch 208  train 962.432607  val 1071.043326
epoch 209  train 944.465897  val 1068.309597
epoch 210  train 948.394691  val 1066.065592
epoch 211  train 942.188812  val 1058.162901
epoch 212  train 932.900193  val 1051.617016
epoch 213  train 929.419868  val 1045.957777
epoch 214  train 927.488162  val 1036.406137
epoch 215  train 919.672439  val 1045.089767
epoch 216  train 921.292960  val 1052.731549
epoch 217  train 926.330048  val 1064.979809
epoch 218  train 965.238778  val 1057.618313
epoch 219  train 941.306812  val 1067.319716
epoch 220  train 939.526813  val 1090.202492
epoch 221  train 933.597460  val 1074.734687
epoch 222  train 938.774895  val 1167.937256
epoch 223  train 1022.729974  val 1151.720857
epoch 224  train 962.701781  val 1063.257672
epoch 225  train 932.829478  val 1087.973407
epoch 226  train 927.880377  val 1067.045736
epoch 227  train 924.927002  val 1065.564349
epoch 228  train 916.304208  val 1048.757862
epoch 229  train 928.367032  val 1064.402520
epoch 230  train 926.324909  val 1055.714383
epoch 231  train 921.977125  val 1048.075679
epoch 232  train 913.012759  val 1066.962136
epoch 233  train 907.655319  val 1068.303159
epoch 234  train 912.839390  val 1066.268496
epoch 235  train 909.746113  val 1040.230731
epoch 236  train 911.478819  val 1035.051704
epoch 237  train 906.182828  val 1030.217832
epoch 238  train 909.942706  val 1057.145074
epoch 239  train 908.689518  val 1088.904157
epoch 240  train 952.787181  val 1064.855686
epoch 241  train 908.155791  val 1041.854990
epoch 242  train 899.276522  val 1033.608123
epoch 243  train 890.954608  val 1037.655997
epoch 244  train 900.965523  val 1038.747437
epoch 245  train 895.723502  val 1045.257152
epoch 246  train 887.952619  val 1055.210182
epoch 247  train 889.912361  val 1053.860908
epoch 248  train 892.015105  val 1040.557658
epoch 249  train 900.606060  val 1037.872884
epoch 250  train 885.925997  val 1013.041811
epoch 251  train 890.426928  val 1043.528248
epoch 252  train 883.708492  val 1014.300429
epoch 253  train 878.815130  val 1075.708329
epoch 254  train 903.374400  val 1039.628924
epoch 255  train 875.261675  val 1025.811998
epoch 256  train 863.151275  val 1002.321560
epoch 257  train 873.273101  val 1048.446104
epoch 258  train 885.961415  val 1069.983204
epoch 259  train 873.263350  val 1011.909424
epoch 260  train 864.816343  val 1014.910220
epoch 261  train 867.360352  val 1004.511628
epoch 262  train 860.103438  val 1018.652583
epoch 263  train 868.478388  val 1050.552404
epoch 264  train 898.068957  val 1029.944978
epoch 265  train 875.118291  val 1032.907936
epoch 266  train 871.611168  val 1010.110885
epoch 267  train 858.507056  val 1012.658556
epoch 268  train 859.554076  val 1031.844650
epoch 269  train 859.199641  val 1015.684249
epoch 270  train 849.250870  val 1000.263084
epoch 271  train 842.869331  val 995.103271
epoch 272  train 843.859820  val 997.896249
epoch 273  train 849.421016  val 1008.668168
epoch 274  train 845.846200  val 1009.179484
epoch 275  train 849.085297  val 993.397328
epoch 276  train 842.416129  val 1013.099718
epoch 277  train 849.276304  val 1001.544253
epoch 278  train 840.106554  val 995.590129
epoch 279  train 863.232274  val 1048.916753
epoch 280  train 853.393690  val 1061.083383
epoch 281  train 845.906870  val 997.952695
epoch 282  train 842.718515  val 1076.829689
epoch 283  train 877.844369  val 1005.274220
epoch 284  train 853.473371  val 1009.102372
epoch 285  train 842.044941  val 1015.482182
epoch 286  train 846.343421  val 1007.899410
epoch 287  train 846.680519  val 995.197248
epoch 288  train 841.527341  val 1005.670573
epoch 289  train 839.090526  val 1034.604045
epoch 290  train 834.339688  val 1008.433612
epoch 291  train 830.223508  val 999.412283
epoch 292  train 828.056649  val 986.318445
epoch 293  train 821.562542  val 1010.667508
epoch 294  train 903.318433  val 1324.765996
epoch 295  train 874.403979  val 1380.116844
epoch 296  train 854.236908  val 1070.088899
epoch 297  train 840.255455  val 1020.666364
epoch 298  train 833.831266  val 986.427969
epoch 299  train 826.714983  val 1007.609863
epoch 300  train 826.920594  val 992.369312
epoch 301  train 829.566543  val 983.030350
epoch 302  train 828.830912  val 995.792575
epoch 303  train 820.268433  val 1008.798769
epoch 304  train 821.839490  val 974.312009
epoch 305  train 831.347640  val 985.980654
epoch 306  train 829.075326  val 1006.225776
epoch 307  train 829.929704  val 1014.697189
epoch 308  train 829.658376  val 987.020286
epoch 309  train 820.530415  val 1018.639992
epoch 310  train 842.443549  val 1015.373400
epoch 311  train 828.455907  val 1005.945489
epoch 312  train 816.822311  val 997.288102
epoch 313  train 812.698488  val 973.473961
epoch 314  train 805.542327  val 1010.258635
epoch 315  train 817.564372  val 992.873411
epoch 316  train 811.552032  val 975.776589
epoch 317  train 821.213178  val 1058.822686
epoch 318  train 816.104016  val 999.940547
epoch 319  train 821.015327  val 987.426500
epoch 320  train 805.007147  val 974.469123
epoch 321  train 802.684579  val 980.326681
epoch 322  train 829.183247  val 1012.674104
epoch 323  train 818.893180  val 1020.010575
epoch 324  train 813.600989  val 1007.259327
epoch 325  train 817.939702  val 995.114800
epoch 326  train 802.935187  val 985.172592
epoch 327  train 803.584325  val 983.307576
epoch 328  train 801.293905  val 1002.348380
epoch 329  train 798.219800  val 979.280771
epoch 330  train 793.697201  val 985.936614
epoch 331  train 807.781170  val 978.346630
epoch 332  train 789.460130  val 970.761721
epoch 333  train 793.209673  val 974.463788
epoch 334  train 793.421339  val 978.135740
epoch 335  train 784.014584  val 966.215122
epoch 336  train 785.899583  val 990.089921
epoch 337  train 793.796317  val 980.755538
epoch 338  train 791.427124  val 984.520802
epoch 339  train 796.391398  val 981.433406
epoch 340  train 829.582272  val 1049.755308
epoch 341  train 809.472221  val 976.567206
epoch 342  train 791.919000  val 982.503373
epoch 343  train 786.851009  val 981.024561
epoch 344  train 781.394956  val 956.117723
epoch 345  train 769.890914  val 967.613349
epoch 346  train 789.330389  val 971.620834
epoch 347  train 778.830544  val 973.769463
epoch 348  train 778.388496  val 959.443059
epoch 349  train 775.708217  val 963.488510
epoch 350  train 774.340104  val 971.725848
epoch 351  train 800.636799  val 1063.705300
epoch 352  train 810.942492  val 1026.502758
epoch 353  train 798.309697  val 980.802443
epoch 354  train 774.289878  val 978.042343
epoch 355  train 767.839267  val 977.701927
epoch 356  train 772.428061  val 967.789867
epoch 357  train 766.320216  val 960.638606
epoch 358  train 774.090612  val 962.914040
epoch 359  train 777.685670  val 977.674341
epoch 360  train 770.086096  val 969.971490
epoch 361  train 770.125971  val 992.053193
epoch 362  train 778.445061  val 974.503906
epoch 363  train 780.504801  val 987.864283
epoch 364  train 771.079630  val 974.229212
epoch 365  train 777.605879  val 972.837967
epoch 366  train 777.974787  val 971.654403
epoch 367  train 770.521641  val 958.271274
epoch 368  train 763.820426  val 988.282143
epoch 369  train 775.082853  val 983.649473
epoch 370  train 774.196687  val 972.161422
epoch 371  train 761.063147  val 962.524780
epoch 372  train 765.498422  val 985.943242
epoch 373  train 790.211705  val 1036.140584
epoch 374  train 780.002484  val 983.165084
epoch 375  train 762.974389  val 961.942109
epoch 376  train 761.626784  val 950.717584
epoch 377  train 757.067502  val 956.283382
epoch 378  train 754.631376  val 959.876530
epoch 379  train 755.537756  val 978.134567
epoch 380  train 764.496852  val 973.340002
epoch 381  train 762.264923  val 964.141825
epoch 382  train 764.968240  val 965.160624
epoch 383  train 754.731046  val 953.754659
epoch 384  train 755.539686  val 984.923430
epoch 385  train 755.533896  val 973.904948
epoch 386  train 755.379664  val 964.192654
epoch 387  train 761.793647  val 968.734513
epoch 388  train 757.692794  val 965.648745
epoch 389  train 758.214586  val 962.341541
epoch 390  train 749.298941  val 971.678682
epoch 391  train 762.907902  val 979.331943
epoch 392  train 755.728616  val 966.186343
epoch 393  train 769.927012  val 982.179787
epoch 394  train 762.178004  val 986.469503
epoch 395  train 749.071464  val 955.304480
epoch 396  train 747.118196  val 963.875500
epoch 397  train 749.008804  val 960.914119
epoch 398  train 739.859716  val 966.046226
epoch 399  train 777.605084  val 1019.173353
epoch 400  train 772.467762  val 980.409166
epoch 401  train 751.096226  val 964.622640
epoch 402  train 755.125308  val 961.809792
epoch 403  train 740.286015  val 959.146204
epoch 404  train 734.812031  val 971.174879
epoch 405  train 754.752301  val 963.891608
epoch 406  train 747.951022  val 964.979017
epoch 407  train 745.548952  val 952.327476
epoch 408  train 737.308922  val 950.188411
epoch 409  train 744.233354  val 950.229580
epoch 410  train 741.014257  val 957.810947
epoch 411  train 733.394977  val 948.678596
epoch 412  train 731.156077  val 971.997267
epoch 413  train 734.952802  val 957.236177
epoch 414  train 745.414946  val 959.396358
epoch 415  train 749.015341  val 971.254598
epoch 416  train 739.458819  val 953.675223
epoch 417  train 732.863504  val 969.682601
epoch 418  train 734.245416  val 958.892917
epoch 419  train 726.432667  val 950.272967
epoch 420  train 728.560792  val 973.906481
epoch 421  train 747.848306  val 985.856264
epoch 422  train 736.633594  val 950.687810
epoch 423  train 742.968000  val 955.115668
epoch 424  train 727.701913  val 961.902884
epoch 425  train 734.452359  val 990.685330
epoch 426  train 779.064749  val 999.497378
epoch 427  train 743.360956  val 974.491414
epoch 428  train 728.285663  val 971.223542
epoch 429  train 734.823837  val 956.203200
epoch 430  train 734.670214  val 957.101703
epoch 431  train 724.142578  val 955.209177
epoch 432  train 722.062160  val 949.331358
epoch 433  train 719.765159  val 965.375999
epoch 434  train 733.800645  val 981.076656
epoch 435  train 736.158969  val 1016.503603
epoch 436  train 731.777348  val 948.348472
epoch 437  train 719.066580  val 969.426850
epoch 438  train 731.433810  val 971.321364
epoch 439  train 755.416314  val 979.748223
epoch 440  train 734.582915  val 960.749519
epoch 441  train 732.769396  val 957.077096
epoch 442  train 722.056718  val 958.277265
epoch 443  train 716.259335  val 943.456145
epoch 444  train 718.811991  val 956.101585
epoch 445  train 721.683856  val 979.284808
epoch 446  train 735.031101  val 975.042688
epoch 447  train 729.679106  val 965.026220
epoch 448  train 721.853116  val 942.328351
epoch 449  train 716.745707  val 948.170935
epoch 450  train 713.848194  val 949.639300
epoch 451  train 710.168289  val 954.322677
epoch 452  train 710.427464  val 951.479237
epoch 453  train 711.523455  val 953.159008
epoch 454  train 707.225211  val 949.913194
epoch 455  train 713.070099  val 956.054681
epoch 456  train 717.456670  val 959.402188
epoch 457  train 713.621847  val 958.212728
epoch 458  train 709.972704  val 941.510299
epoch 459  train 701.857619  val 948.695478
epoch 460  train 711.694048  val 950.868338
epoch 461  train 720.049451  val 981.815021
epoch 462  train 724.150203  val 967.075437
epoch 463  train 708.413252  val 968.642533
epoch 464  train 704.370576  val 946.160283
epoch 465  train 717.447439  val 959.271884
epoch 466  train 720.261939  val 997.197031
epoch 467  train 724.223647  val 959.280938
epoch 468  train 720.985982  val 965.042431
epoch 469  train 710.095450  val 971.301001
epoch 470  train 711.173854  val 964.653908
epoch 471  train 722.021588  val 962.840280
epoch 472  train 717.043229  val 951.476899
epoch 473  train 710.191758  val 968.117911
epoch 474  train 707.422053  val 947.240657
epoch 475  train 706.067457  val 951.567460
epoch 476  train 708.543539  val 984.662485
epoch 477  train 728.638395  val 1012.466177
epoch 478  train 736.867597  val 957.251069
epoch 479  train 712.702785  val 976.659720
epoch 480  train 734.908877  val 979.879544
epoch 481  train 716.725619  val 962.598995
epoch 482  train 708.618603  val 941.114708
epoch 483  train 693.301687  val 943.457544
epoch 484  train 702.604501  val 939.554719
epoch 485  train 701.977165  val 952.738383
epoch 486  train 700.179375  val 957.901657
epoch 487  train 692.807576  val 935.297885
epoch 488  train 692.835144  val 961.147974
epoch 489  train 697.514262  val 951.658838
epoch 490  train 700.795832  val 948.618612
epoch 491  train 698.903736  val 939.900133
epoch 492  train 689.828952  val 942.707960
epoch 493  train 690.669168  val 957.193552
epoch 494  train 690.203822  val 962.657050
epoch 495  train 694.296800  val 948.586507
epoch 496  train 689.869257  val 955.855383
epoch 497  train 687.021869  val 938.162749
epoch 498  train 686.155733  val 944.093402
epoch 499  train 687.298575  val 944.417555
epoch 500  train 688.863289  val 950.832648
saved checkpoint: /cluster/home/xudjian/CFMD/paper/results/timeseries_MCC5/model_o_2.pt
saved curve: /cluster/home/xudjian/CFMD/paper/results/timeseries_MCC5/loss_curves_o_2.png
best epoch: 500
best validation loss: 950.8326483832466
