Loss weights | lam_time=100, lam_self=1, lam_psd=100
cuda
train size: 2592
validation size: 864
epoch 1  train 11690.617917  val 11027.604420
epoch 2  train 4778.611180  val 6180.912833
epoch 3  train 3926.678159  val 3768.680131
epoch 4  train 3671.274462  val 3641.519875
epoch 5  train 3578.546736  val 3512.068314
epoch 6  train 3480.216161  val 3466.565683
epoch 7  train 3360.606234  val 3284.157778
epoch 8  train 3229.526033  val 3180.918737
epoch 9  train 3148.025345  val 3144.572917
epoch 10  train 3066.164825  val 3025.000326
epoch 11  train 2923.413273  val 2829.464274
epoch 12  train 2768.068347  val 2726.743200
epoch 13  train 2703.256782  val 2676.834138
epoch 14  train 2677.313537  val 2670.677120
epoch 15  train 2641.895234  val 2599.133039
epoch 16  train 2603.713135  val 2580.926197
epoch 17  train 2554.394806  val 2516.842448
epoch 18  train 2500.721170  val 2484.837384
epoch 19  train 2438.483082  val 2423.788592
epoch 20  train 2382.468852  val 2376.666025
epoch 21  train 2336.579195  val 2324.302508
epoch 22  train 2232.004250  val 2252.485876
epoch 23  train 2165.091081  val 2289.415609
epoch 24  train 2139.427780  val 2214.980966
epoch 25  train 2098.323321  val 2202.198061
epoch 26  train 2095.611271  val 2170.644323
epoch 27  train 2052.778797  val 2127.257026
epoch 28  train 2035.043948  val 2126.788529
epoch 29  train 2047.663841  val 2243.012397
epoch 30  train 2064.650843  val 2188.239167
epoch 31  train 2015.746012  val 2051.257794
epoch 32  train 1998.118713  val 2047.947266
epoch 33  train 1969.377318  val 2009.311013
epoch 34  train 1955.035816  val 2064.587384
epoch 35  train 1941.232937  val 1990.552526
epoch 36  train 1929.443108  val 1958.674949
epoch 37  train 1916.428063  val 2082.971273
epoch 38  train 1935.110403  val 1938.009512
epoch 39  train 1878.568979  val 1946.384214
epoch 40  train 1874.978706  val 1912.957746
epoch 41  train 1878.370666  val 1906.961457
epoch 42  train 1835.000151  val 1937.535586
epoch 43  train 1816.734517  val 1842.640679
epoch 44  train 1776.566399  val 1809.808860
epoch 45  train 1743.064842  val 1802.565936
epoch 46  train 1750.703402  val 1789.170324
epoch 47  train 1748.529735  val 1760.885697
epoch 48  train 1698.361857  val 1717.824698
epoch 49  train 1660.427897  val 1709.177992
epoch 50  train 1671.453304  val 1715.009784
epoch 51  train 1659.795118  val 1692.514178
epoch 52  train 1679.194851  val 1674.349695
epoch 53  train 1605.224335  val 1631.298091
epoch 54  train 1588.711881  val 1612.210919
epoch 55  train 1565.133203  val 1602.329572
epoch 56  train 1593.953536  val 1602.473538
epoch 57  train 1558.611183  val 1590.784089
epoch 58  train 1555.747932  val 1579.237983
epoch 59  train 1547.705179  val 1598.218727
epoch 60  train 1575.833228  val 1631.688133
epoch 61  train 1566.636262  val 1597.918308
epoch 62  train 1520.881738  val 1564.369814
epoch 63  train 1486.505865  val 1533.468434
epoch 64  train 1483.341083  val 1527.486794
epoch 65  train 1465.330300  val 1530.562292
epoch 66  train 1455.750937  val 1495.832086
epoch 67  train 1438.419764  val 1496.872911
epoch 68  train 1459.979860  val 1475.513193
epoch 69  train 1426.385646  val 1470.226929
epoch 70  train 1403.646490  val 1466.156580
epoch 71  train 1407.305084  val 1443.887519
epoch 72  train 1385.871546  val 1468.256768
epoch 73  train 1390.006675  val 1466.600997
epoch 74  train 1403.526845  val 1446.091128
epoch 75  train 1390.500901  val 1497.063178
epoch 76  train 1420.940666  val 1455.343768
epoch 77  train 1366.806999  val 1418.465147
epoch 78  train 1353.035031  val 1398.294696
epoch 79  train 1351.893065  val 1412.919818
epoch 80  train 1349.142289  val 1409.357218
epoch 81  train 1343.101356  val 1437.216394
epoch 82  train 1340.686775  val 1398.402258
epoch 83  train 1339.693745  val 1418.425162
epoch 84  train 1333.261126  val 1376.736274
epoch 85  train 1323.983956  val 1375.925867
epoch 86  train 1308.992754  val 1370.362535
epoch 87  train 1307.366509  val 1356.282918
epoch 88  train 1309.913678  val 1405.351382
epoch 89  train 1359.149889  val 1373.786888
epoch 90  train 1300.996498  val 1341.481635
epoch 91  train 1276.528329  val 1338.765544
epoch 92  train 1260.334964  val 1333.192473
epoch 93  train 1279.959057  val 1330.286079
epoch 94  train 1267.334935  val 1316.645101
epoch 95  train 1255.214105  val 1333.769730
epoch 96  train 1251.723909  val 1300.842950
epoch 97  train 1251.977447  val 1307.950575
epoch 98  train 1250.160798  val 1308.225455
epoch 99  train 1243.391748  val 1310.522868
epoch 100  train 1234.015202  val 1296.641077
epoch 101  train 1230.246222  val 1315.258649
epoch 102  train 1218.240824  val 1284.423982
epoch 103  train 1211.547476  val 1290.143216
epoch 104  train 1232.619647  val 1306.029993
epoch 105  train 1295.465245  val 1326.419922
epoch 106  train 1249.181924  val 1292.658244
epoch 107  train 1227.006645  val 1306.955779
epoch 108  train 1241.717257  val 1299.835607
epoch 109  train 1223.401834  val 1274.207578
epoch 110  train 1187.762266  val 1253.717154
epoch 111  train 1209.279446  val 1268.151598
epoch 112  train 1201.766522  val 1249.782376
epoch 113  train 1183.430854  val 1267.254322
epoch 114  train 1180.128406  val 1241.387514
epoch 115  train 1178.820234  val 1251.133079
epoch 116  train 1184.893981  val 1274.018713
epoch 117  train 1169.021124  val 1247.105202
epoch 118  train 1177.433588  val 1270.098768
epoch 119  train 1195.366359  val 1240.517849
epoch 120  train 1180.640003  val 1264.027959
epoch 121  train 1179.171179  val 1246.897832
epoch 122  train 1165.490135  val 1224.767094
epoch 123  train 1180.694622  val 1249.326836
epoch 124  train 1170.818252  val 1225.504141
epoch 125  train 1148.417455  val 1214.728832
epoch 126  train 1158.708680  val 1257.653646
epoch 127  train 1183.560413  val 1219.108697
epoch 128  train 1157.137686  val 1212.680678
epoch 129  train 1136.970144  val 1204.343854
epoch 130  train 1135.238723  val 1230.300099
epoch 131  train 1144.565086  val 1224.532787
epoch 132  train 1134.443506  val 1241.179181
epoch 133  train 1142.713952  val 1200.604917
epoch 134  train 1134.241500  val 1243.411594
epoch 135  train 1147.860349  val 1257.014192
epoch 136  train 1139.473613  val 1275.168240
epoch 137  train 1139.834519  val 1221.763025
epoch 138  train 1113.517996  val 1204.494828
epoch 139  train 1135.826194  val 1220.416300
epoch 140  train 1129.784386  val 1195.986396
epoch 141  train 1139.647146  val 1209.131339
epoch 142  train 1105.696027  val 1204.772013
epoch 143  train 1113.890734  val 1218.392470
epoch 144  train 1105.851555  val 1178.638337
epoch 145  train 1097.862760  val 1198.187708
epoch 146  train 1121.969882  val 1169.682902
epoch 147  train 1092.875030  val 1208.331484
epoch 148  train 1113.712645  val 1185.571312
epoch 149  train 1125.411743  val 1253.457990
epoch 150  train 1113.653586  val 1176.681840
epoch 151  train 1086.167058  val 1197.573491
epoch 152  train 1089.693967  val 1175.693771
epoch 153  train 1082.609618  val 1169.395662
epoch 154  train 1084.770089  val 1193.638319
epoch 155  train 1133.614879  val 1212.952917
epoch 156  train 1124.218045  val 1308.746962
epoch 157  train 1133.600257  val 1191.925605
epoch 158  train 1081.714393  val 1208.106522
epoch 159  train 1096.617209  val 1166.373585
epoch 160  train 1068.319699  val 1139.951954
epoch 161  train 1065.476320  val 1157.368815
epoch 162  train 1076.083315  val 1142.687541
epoch 163  train 1070.709818  val 1151.875212
epoch 164  train 1084.829843  val 1178.599343
epoch 165  train 1080.909070  val 1158.209075
epoch 166  train 1054.873314  val 1161.103303
epoch 167  train 1056.263527  val 1140.049375
epoch 168  train 1068.040680  val 1149.639630
epoch 169  train 1050.907704  val 1139.069693
epoch 170  train 1062.319327  val 1134.490311
epoch 171  train 1049.971193  val 1158.717032
epoch 172  train 1052.429632  val 1144.962958
epoch 173  train 1045.219564  val 1147.861455
epoch 174  train 1046.666727  val 1142.758812
epoch 175  train 1035.316866  val 1126.576565
epoch 176  train 1055.187717  val 1168.515851
epoch 177  train 1049.338897  val 1148.612287
epoch 178  train 1051.883397  val 1125.772488
epoch 179  train 1044.800609  val 1134.848949
epoch 180  train 1048.017408  val 1138.280441
epoch 181  train 1046.909211  val 1146.485080
epoch 182  train 1035.673412  val 1154.519201
epoch 183  train 1042.187749  val 1138.919750
epoch 184  train 1031.179785  val 1154.316858
epoch 185  train 1042.382418  val 1126.753459
epoch 186  train 1050.795737  val 1126.204784
epoch 187  train 1024.821513  val 1117.904360
epoch 188  train 1019.441996  val 1125.861446
epoch 189  train 1030.704857  val 1124.273872
epoch 190  train 1020.036761  val 1113.405016
epoch 191  train 1011.372052  val 1141.947243
epoch 192  train 1008.239401  val 1111.181455
epoch 193  train 1005.306874  val 1123.027344
epoch 194  train 1025.017284  val 1122.847561
epoch 195  train 1030.038464  val 1102.595043
epoch 196  train 1002.412957  val 1105.332931
epoch 197  train 1002.724046  val 1111.211295
epoch 198  train 1001.027149  val 1102.729158
epoch 199  train 1011.144075  val 1127.912955
epoch 200  train 1012.310909  val 1115.826995
epoch 201  train 1034.184144  val 1128.030970
epoch 202  train 1014.497598  val 1155.219143
epoch 203  train 1003.277436  val 1113.088447
epoch 204  train 993.332776  val 1104.521647
epoch 205  train 987.967657  val 1089.344143
epoch 206  train 984.521293  val 1095.414958
epoch 207  train 984.851526  val 1081.834843
epoch 208  train 975.985914  val 1080.938793
epoch 209  train 974.008066  val 1117.049000
epoch 210  train 1005.479162  val 1105.650996
epoch 211  train 988.426003  val 1072.907643
epoch 212  train 971.242445  val 1090.056659
epoch 213  train 972.729598  val 1091.861767
epoch 214  train 982.400459  val 1133.865424
epoch 215  train 978.722115  val 1088.177052
epoch 216  train 974.004146  val 1101.357038
epoch 217  train 964.905227  val 1089.050790
epoch 218  train 974.281887  val 1082.650657
epoch 219  train 958.596723  val 1096.082972
epoch 220  train 954.976236  val 1060.567858
epoch 221  train 958.782926  val 1072.699906
epoch 222  train 958.092357  val 1073.788326
epoch 223  train 951.183029  val 1078.885602
epoch 224  train 968.672872  val 1072.173299
epoch 225  train 962.970857  val 1064.896001
epoch 226  train 948.122632  val 1063.230523
epoch 227  train 961.738840  val 1096.590187
epoch 228  train 979.916805  val 1108.643220
epoch 229  train 961.988192  val 1076.908185
epoch 230  train 973.700789  val 1067.265729
epoch 231  train 964.124552  val 1111.117952
epoch 232  train 980.218055  val 1087.514793
epoch 233  train 939.853770  val 1095.683919
epoch 234  train 972.924931  val 1113.685588
epoch 235  train 961.978150  val 1108.051310
epoch 236  train 950.089744  val 1056.757849
epoch 237  train 925.742099  val 1066.319906
epoch 238  train 938.415771  val 1052.056026
epoch 239  train 935.782554  val 1057.461756
epoch 240  train 927.484594  val 1069.306265
epoch 241  train 930.106683  val 1046.482214
epoch 242  train 943.734659  val 1072.848158
epoch 243  train 927.460919  val 1049.469532
epoch 244  train 917.933105  val 1045.611853
epoch 245  train 927.834452  val 1085.009060
epoch 246  train 928.176101  val 1045.843908
epoch 247  train 912.142681  val 1051.712606
epoch 248  train 910.649938  val 1050.638685
epoch 249  train 916.778908  val 1080.833446
epoch 250  train 918.080574  val 1044.806189
epoch 251  train 915.240194  val 1072.430578
epoch 252  train 908.722827  val 1026.947650
epoch 253  train 899.137447  val 1033.769445
epoch 254  train 917.941549  val 1049.989529
epoch 255  train 907.134292  val 1052.256583
epoch 256  train 915.121568  val 1069.651611
epoch 257  train 925.411003  val 1045.665939
epoch 258  train 905.061834  val 1063.304710
epoch 259  train 946.412222  val 1112.980546
epoch 260  train 918.556155  val 1051.602155
epoch 261  train 915.559019  val 1052.164542
epoch 262  train 909.741854  val 1042.573997
epoch 263  train 908.647814  val 1033.873051
epoch 264  train 895.931570  val 1032.339577
epoch 265  train 892.978886  val 1036.127505
epoch 266  train 883.279713  val 1013.919623
epoch 267  train 891.055899  val 1034.711905
epoch 268  train 882.707758  val 1021.222869
epoch 269  train 895.836744  val 1046.608448
epoch 270  train 903.418758  val 1063.535730
epoch 271  train 889.862749  val 1047.077280
epoch 272  train 894.435364  val 1043.339025
epoch 273  train 876.834294  val 1020.173245
epoch 274  train 895.524645  val 1025.411020
epoch 275  train 886.442830  val 1025.971209
epoch 276  train 883.287721  val 1028.583917
epoch 277  train 874.140320  val 1023.617698
epoch 278  train 876.263225  val 1020.780038
epoch 279  train 868.810362  val 1021.890833
epoch 280  train 874.798482  val 1010.838761
epoch 281  train 883.637530  val 1023.539239
epoch 282  train 883.681712  val 1034.942098
epoch 283  train 871.209020  val 1026.107331
epoch 284  train 880.133474  val 1053.537100
epoch 285  train 895.022756  val 1036.314625
epoch 286  train 881.277244  val 1014.728075
epoch 287  train 869.731918  val 1014.436345
epoch 288  train 873.524353  val 1022.218357
epoch 289  train 881.769160  val 1031.350093
epoch 290  train 862.819079  val 1021.608959
epoch 291  train 863.276848  val 1010.087732
epoch 292  train 872.797255  val 1044.443622
epoch 293  train 886.113323  val 1010.161872
epoch 294  train 876.104513  val 1017.104782
epoch 295  train 869.968872  val 1019.243037
epoch 296  train 877.300309  val 1033.398026
epoch 297  train 856.366116  val 1011.903494
epoch 298  train 850.282823  val 1031.554213
epoch 299  train 854.713941  val 1011.148067
epoch 300  train 851.066596  val 993.375303
epoch 301  train 846.685407  val 1004.367373
epoch 302  train 849.046037  val 1017.830960
epoch 303  train 853.248771  val 1020.374611
epoch 304  train 851.828971  val 1003.607483
epoch 305  train 844.662103  val 998.519307
epoch 306  train 848.569470  val 1011.714066
epoch 307  train 844.559353  val 991.269075
epoch 308  train 845.467404  val 985.511863
epoch 309  train 839.826571  val 1005.510593
epoch 310  train 852.366388  val 1001.102519
epoch 311  train 843.543461  val 997.177447
epoch 312  train 837.097478  val 997.116333
epoch 313  train 849.771839  val 993.261043
epoch 314  train 843.973564  val 1002.382926
epoch 315  train 845.532025  val 1009.857336
epoch 316  train 850.553093  val 1006.069750
epoch 317  train 846.614314  val 1016.711507
epoch 318  train 836.863091  val 985.729555
epoch 319  train 843.702307  val 1006.786056
epoch 320  train 839.976804  val 994.592993
epoch 321  train 841.367718  val 1004.141170
epoch 322  train 834.716275  val 1040.749747
epoch 323  train 846.783569  val 1011.948541
epoch 324  train 853.301874  val 1004.641712
epoch 325  train 833.068811  val 992.378061
epoch 326  train 860.140209  val 1015.616776
epoch 327  train 853.816665  val 1023.367477
epoch 328  train 840.163569  val 1018.936853
epoch 329  train 850.441105  val 1001.963747
epoch 330  train 834.890953  val 1012.905472
epoch 331  train 853.353760  val 1017.389879
epoch 332  train 846.732755  val 999.470789
epoch 333  train 826.570395  val 1002.530368
epoch 334  train 828.930511  val 989.729038
epoch 335  train 836.293980  val 994.268451
epoch 336  train 826.064060  val 999.376515
epoch 337  train 840.847215  val 1010.361789
epoch 338  train 829.961293  val 989.769721
epoch 339  train 840.362958  val 1013.300325
epoch 340  train 828.773164  val 1001.025063
epoch 341  train 825.393864  val 996.707565
epoch 342  train 807.951879  val 987.611556
epoch 343  train 813.049001  val 982.518240
epoch 344  train 811.747819  val 978.029503
epoch 345  train 812.221987  val 989.857139
epoch 346  train 815.118358  val 980.356459
epoch 347  train 805.336139  val 980.908474
epoch 348  train 802.655510  val 1000.504259
epoch 349  train 842.755964  val 1010.950801
epoch 350  train 815.355910  val 991.978805
epoch 351  train 804.900541  val 993.451052
epoch 352  train 806.378541  val 980.414558
epoch 353  train 808.148402  val 993.399726
epoch 354  train 815.712946  val 982.998255
epoch 355  train 806.699281  val 1000.690321
epoch 356  train 823.881742  val 988.199734
epoch 357  train 804.640434  val 986.863657
epoch 358  train 804.948617  val 987.801891
epoch 359  train 810.315343  val 975.359172
epoch 360  train 809.042728  val 996.255905
epoch 361  train 804.766189  val 986.462212
epoch 362  train 808.055595  val 987.423589
epoch 363  train 800.814476  val 1000.885222
epoch 364  train 805.282297  val 989.439317
epoch 365  train 811.509092  val 1003.232607
epoch 366  train 801.094526  val 995.695473
epoch 367  train 796.329305  val 979.348678
epoch 368  train 792.830419  val 970.387648
epoch 369  train 791.801994  val 981.433316
epoch 370  train 788.754391  val 992.654808
epoch 371  train 802.834611  val 982.948414
epoch 372  train 791.070613  val 989.667743
epoch 373  train 793.288278  val 972.530210
epoch 374  train 790.489866  val 976.132417
epoch 375  train 817.169820  val 982.298182
epoch 376  train 795.135295  val 983.596271
epoch 377  train 789.609450  val 991.779123
epoch 378  train 810.066992  val 1002.024471
epoch 379  train 795.990532  val 973.836541
epoch 380  train 782.081337  val 968.102546
epoch 381  train 781.674999  val 968.528605
epoch 382  train 781.235192  val 972.133606
epoch 383  train 785.953327  val 970.253872
epoch 384  train 796.901440  val 1001.383846
epoch 385  train 788.943826  val 974.929452
epoch 386  train 784.784314  val 972.564238
epoch 387  train 791.830788  val 977.576852
epoch 388  train 781.501472  val 981.164090
epoch 389  train 784.358755  val 989.322297
epoch 390  train 794.455356  val 971.242680
epoch 391  train 790.418776  val 981.290663
epoch 392  train 781.628594  val 972.805409
epoch 393  train 776.741518  val 978.627351
epoch 394  train 793.327562  val 969.769556
epoch 395  train 793.599227  val 987.973235
epoch 396  train 792.998284  val 970.932339
epoch 397  train 777.128110  val 971.482623
epoch 398  train 772.999666  val 964.977867
epoch 399  train 766.045813  val 960.264791
epoch 400  train 773.726199  val 967.687039
epoch 401  train 767.210433  val 965.822008
epoch 402  train 769.640951  val 976.321795
epoch 403  train 778.977380  val 1006.101350
epoch 404  train 779.361031  val 976.176364
epoch 405  train 769.251009  val 967.686110
epoch 406  train 781.922206  val 977.314275
epoch 407  train 762.597334  val 955.603511
epoch 408  train 761.740779  val 955.314238
epoch 409  train 763.157209  val 964.685233
epoch 410  train 761.697187  val 966.105815
epoch 411  train 763.776788  val 985.201597
epoch 412  train 761.198124  val 952.108982
epoch 413  train 757.535130  val 951.948640
epoch 414  train 759.494466  val 967.616028
epoch 415  train 779.686069  val 974.344168
epoch 416  train 773.015033  val 961.301543
epoch 417  train 765.752771  val 956.692351
epoch 418  train 755.834051  val 954.122446
epoch 419  train 768.050139  val 972.877044
epoch 420  train 760.715373  val 957.599062
epoch 421  train 761.440720  val 976.786160
epoch 422  train 767.943829  val 968.350982
epoch 423  train 759.339462  val 969.141009
epoch 424  train 757.738603  val 970.093680
epoch 425  train 761.364418  val 954.102770
epoch 426  train 747.111865  val 951.982845
epoch 427  train 750.523001  val 958.858025
epoch 428  train 769.886136  val 967.118878
epoch 429  train 759.635138  val 963.415380
epoch 430  train 759.581441  val 966.419074
epoch 431  train 750.634326  val 959.026652
epoch 432  train 747.722533  val 960.822227
epoch 433  train 746.869461  val 952.514931
epoch 434  train 750.728228  val 965.432807
epoch 435  train 765.119085  val 964.479522
epoch 436  train 751.954694  val 956.105003
epoch 437  train 743.560144  val 957.553266
epoch 438  train 741.994152  val 950.358220
epoch 439  train 740.950639  val 949.881033
epoch 440  train 738.145681  val 950.205957
epoch 441  train 742.700873  val 952.920889
epoch 442  train 748.045609  val 954.430508
epoch 443  train 740.634439  val 952.799665
epoch 444  train 747.875286  val 966.771993
epoch 445  train 748.099319  val 966.568497
epoch 446  train 746.825237  val 954.429776
epoch 447  train 736.801124  val 958.921450
epoch 448  train 750.348146  val 976.710246
epoch 449  train 737.884323  val 962.037455
epoch 450  train 735.523349  val 964.581439
epoch 451  train 743.323212  val 979.586778
epoch 452  train 760.804999  val 973.496727
epoch 453  train 756.707177  val 963.544429
epoch 454  train 736.246725  val 969.353360
epoch 455  train 737.973017  val 944.096824
epoch 456  train 734.794137  val 966.268372
epoch 457  train 730.563266  val 947.586335
epoch 458  train 738.959650  val 974.436948
epoch 459  train 741.060742  val 956.654238
epoch 460  train 764.093589  val 969.338370
epoch 461  train 741.327286  val 952.938036
epoch 462  train 738.203676  val 964.594035
epoch 463  train 735.011987  val 952.467699
epoch 464  train 733.153769  val 988.015478
epoch 465  train 733.153069  val 958.842134
epoch 466  train 737.054825  val 951.087515
epoch 467  train 735.866328  val 956.234542
epoch 468  train 732.599099  val 973.844442
epoch 469  train 726.703277  val 947.518982
epoch 470  train 726.296002  val 948.721126
epoch 471  train 730.696725  val 967.463196
epoch 472  train 724.419457  val 952.662566
epoch 473  train 725.644689  val 949.133068
epoch 474  train 719.672928  val 951.013891
epoch 475  train 717.434105  val 959.556672
epoch 476  train 722.469371  val 968.589163
epoch 477  train 725.499920  val 948.615621
epoch 478  train 736.700690  val 954.961315
epoch 479  train 725.200047  val 950.598382
epoch 480  train 721.280854  val 952.067790
epoch 481  train 725.959901  val 972.384334
epoch 482  train 728.838744  val 958.757817
epoch 483  train 717.525722  val 946.144335
epoch 484  train 718.814401  val 953.482661
epoch 485  train 714.122310  val 947.354867
epoch 486  train 723.725425  val 973.843895
epoch 487  train 736.546231  val 968.115809
epoch 488  train 728.366978  val 955.111287
epoch 489  train 727.188404  val 954.481830
epoch 490  train 719.729220  val 959.025558
epoch 491  train 714.672338  val 955.912627
epoch 492  train 721.638936  val 958.713234
epoch 493  train 720.168679  val 955.090999
epoch 494  train 726.366646  val 980.559335
epoch 495  train 731.377438  val 969.765960
epoch 496  train 720.790276  val 956.949024
epoch 497  train 722.318304  val 949.720357
epoch 498  train 719.865342  val 961.728531
epoch 499  train 713.488755  val 947.766371
epoch 500  train 711.525501  val 951.192679
saved checkpoint: /cluster/home/xudjian/CFMD/paper/results/timeseries_MCC5/model_o_3.pt
saved curve: /cluster/home/xudjian/CFMD/paper/results/timeseries_MCC5/loss_curves_o_3.png
best epoch: 500
best validation loss: 951.1926789460359
